----------

Tue Jan 11 2022 16:23:25 GMT+0700 (Western Indonesia Time)

fatal: not a git repository (or any of the parent directories): .git


----------

Tue Jan 11 2022 16:23:25 GMT+0700 (Western Indonesia Time)

fatal: not a git repository (or any of the parent directories): .git


----------

Tue Jan 11 2022 16:23:25 GMT+0700 (Western Indonesia Time)

fatal: not a git repository (or any of the parent directories): .git


----------

Tue Jan 11 2022 16:25:46 GMT+0700 (Western Indonesia Time)

fatal: not a git repository (or any of the parent directories): .git


----------

Tue Jan 11 2022 16:25:46 GMT+0700 (Western Indonesia Time)

fatal: not a git repository (or any of the parent directories): .git


----------

Tue Jan 11 2022 16:25:46 GMT+0700 (Western Indonesia Time)

fatal: not a git repository (or any of the parent directories): .git


----------

Tue Jan 11 2022 16:27:34 GMT+0700 (Western Indonesia Time)

fatal: not a git repository (or any of the parent directories): .git


----------

Tue Jan 11 2022 16:27:34 GMT+0700 (Western Indonesia Time)

fatal: not a git repository (or any of the parent directories): .git


----------

Tue Jan 11 2022 16:27:34 GMT+0700 (Western Indonesia Time)

fatal: not a git repository (or any of the parent directories): .git


----------

Tue Jan 11 2022 16:32:13 GMT+0700 (Western Indonesia Time)

fatal: not a git repository (or any of the parent directories): .git


----------

Tue Jan 11 2022 16:32:14 GMT+0700 (Western Indonesia Time)

fatal: not a git repository (or any of the parent directories): .git


----------

Tue Jan 11 2022 16:32:14 GMT+0700 (Western Indonesia Time)

fatal: not a git repository (or any of the parent directories): .git


----------

Tue Jan 11 2022 16:33:55 GMT+0700 (Western Indonesia Time)

warning: LF will be replaced by CRLF in assets/bootstrap/css/bootstrap.min.css.
The file will have its original line endings in your working directory


----------

Tue Jan 11 2022 16:33:55 GMT+0700 (Western Indonesia Time)

warning: LF will be replaced by CRLF in assets/bootstrap/js/bootstrap.min.js.
The file will have its original line endings in your working directory


----------

Tue Jan 11 2022 16:33:55 GMT+0700 (Western Indonesia Time)

warning: LF will be replaced by CRLF in assets/fonts/ionicons.min.css.
The file will have its original line endings in your working directory


----------

Tue Jan 11 2022 16:33:55 GMT+0700 (Western Indonesia Time)

warning: LF will be replaced by CRLF in assets/fonts/ionicons.svg.
The file will have its original line endings in your working directory


----------

Tue Jan 11 2022 16:33:55 GMT+0700 (Western Indonesia Time)

warning: LF will be replaced by CRLF in create_2.html.
The file will have its original line endings in your working directory


----------

Tue Jan 11 2022 16:33:55 GMT+0700 (Western Indonesia Time)

warning: LF will be replaced by CRLF in create_3.html.
The file will have its original line endings in your working directory


----------

Tue Jan 11 2022 16:33:55 GMT+0700 (Western Indonesia Time)

warning: LF will be replaced by CRLF in document/index.html.
The file will have its original line endings in your working directory
warning: LF will be replaced by CRLF in error.log.
The file will have its original line endings in your working directory


----------

Tue Jan 11 2022 16:33:55 GMT+0700 (Western Indonesia Time)

warning: LF will be replaced by CRLF in index.html.
The file will have its original line endings in your working directory


----------

Tue Jan 11 2022 16:34:00 GMT+0700 (Western Indonesia Time)

To https://github.com/ardiankurniawan8/koperasi.github.io.git
   1418752..9b11a16  main -> main


----------

Thu Jan 13 2022 16:34:47 GMT+0700 (Western Indonesia Time)

warning: LF will be replaced by CRLF in assets/bootstrap/css/bootstrap.min.css.
The file will have its original line endings in your working directory


----------

Thu Jan 13 2022 16:34:47 GMT+0700 (Western Indonesia Time)

warning: LF will be replaced by CRLF in assets/bootstrap/js/bootstrap.min.js.
The file will have its original line endings in your working directory


----------

Thu Jan 13 2022 16:34:47 GMT+0700 (Western Indonesia Time)

warning: LF will be replaced by CRLF in assets/fonts/ionicons.min.css.
The file will have its original line endings in your working directory


----------

Thu Jan 13 2022 16:34:47 GMT+0700 (Western Indonesia Time)

warning: LF will be replaced by CRLF in assets/fonts/ionicons.svg.
The file will have its original line endings in your working directory


----------

Thu Jan 13 2022 16:34:47 GMT+0700 (Western Indonesia Time)

warning: LF will be replaced by CRLF in create_2.html.
The file will have its original line endings in your working directory


----------

Thu Jan 13 2022 16:34:47 GMT+0700 (Western Indonesia Time)

warning: LF will be replaced by CRLF in create_3.html.
The file will have its original line endings in your working directory


----------

Thu Jan 13 2022 16:34:47 GMT+0700 (Western Indonesia Time)

warning: LF will be replaced by CRLF in document/index.html.
The file will have its original line endings in your working directory


----------

Thu Jan 13 2022 16:34:47 GMT+0700 (Western Indonesia Time)

warning: LF will be replaced by CRLF in error.log.
The file will have its original line endings in your working directory


----------

Thu Jan 13 2022 16:34:47 GMT+0700 (Western Indonesia Time)

warning: LF will be replaced by CRLF in index.html.
The file will have its original line endings in your working directory


----------

Thu Jan 13 2022 16:34:47 GMT+0700 (Western Indonesia Time)

warning: LF will be replaced by CRLF in create_1.html.
The file will have its original line endings in your working directory


----------

Thu Jan 13 2022 16:34:47 GMT+0700 (Western Indonesia Time)

warning: LF will be replaced by CRLF in step-2.html.
The file will have its original line endings in your working directory


----------

Thu Jan 13 2022 16:34:47 GMT+0700 (Western Indonesia Time)

warning: LF will be replaced by CRLF in step-3.html.
The file will have its original line endings in your working directory


----------

Thu Jan 13 2022 16:34:48 GMT+0700 (Western Indonesia Time)

warning: LF will be replaced by CRLF in step-4.html.
The file will have its original line endings in your working directory


----------

Thu Jan 13 2022 16:34:48 GMT+0700 (Western Indonesia Time)

warning: LF will be replaced by CRLF in step-5.html.
The file will have its original line endings in your working directory


----------

Thu Jan 13 2022 16:34:55 GMT+0700 (Western Indonesia Time)

To https://github.com/ardiankurniawan8/koperasi.github.io.git
   9b11a16..12480cb  main -> main


----------

Thu Jan 13 2022 16:34:58 GMT+0700 (Western Indonesia Time)

warning: LF will be replaced by CRLF in assets/bootstrap/css/bootstrap.min.css.
The file will have its original line endings in your working directory


----------

Thu Jan 13 2022 16:34:58 GMT+0700 (Western Indonesia Time)

warning: LF will be replaced by CRLF in assets/bootstrap/js/bootstrap.min.js.
The file will have its original line endings in your working directory


----------

Thu Jan 13 2022 16:34:58 GMT+0700 (Western Indonesia Time)

warning: LF will be replaced by CRLF in assets/fonts/ionicons.min.css.
The file will have its original line endings in your working directory


----------

Thu Jan 13 2022 16:34:58 GMT+0700 (Western Indonesia Time)

warning: LF will be replaced by CRLF in assets/fonts/ionicons.svg.
The file will have its original line endings in your working directory


----------

Thu Jan 13 2022 16:34:58 GMT+0700 (Western Indonesia Time)

warning: LF will be replaced by CRLF in create_1.html.
The file will have its original line endings in your working directory


----------

Thu Jan 13 2022 16:34:58 GMT+0700 (Western Indonesia Time)

warning: LF will be replaced by CRLF in create_2.html.
The file will have its original line endings in your working directory


----------

Thu Jan 13 2022 16:34:58 GMT+0700 (Western Indonesia Time)

warning: LF will be replaced by CRLF in create_3.html.
The file will have its original line endings in your working directory


----------

Thu Jan 13 2022 16:34:58 GMT+0700 (Western Indonesia Time)

warning: LF will be replaced by CRLF in document/index.html.
The file will have its original line endings in your working directory


----------

Thu Jan 13 2022 16:34:58 GMT+0700 (Western Indonesia Time)

warning: LF will be replaced by CRLF in error.log.
The file will have its original line endings in your working directory


----------

Thu Jan 13 2022 16:34:58 GMT+0700 (Western Indonesia Time)

warning: LF will be replaced by CRLF in index.html.
The file will have its original line endings in your working directory


----------

Thu Jan 13 2022 16:34:58 GMT+0700 (Western Indonesia Time)

warning: LF will be replaced by CRLF in step-2.html.
The file will have its original line endings in your working directory
warning: LF will be replaced by CRLF in step-3.html.
The file will have its original line endings in your working directory


----------

Thu Jan 13 2022 16:34:58 GMT+0700 (Western Indonesia Time)

warning: LF will be replaced by CRLF in step-4.html.
The file will have its original line endings in your working directory


----------

Thu Jan 13 2022 16:34:58 GMT+0700 (Western Indonesia Time)

warning: LF will be replaced by CRLF in step-5.html.
The file will have its original line endings in your working directory


----------

Thu Jan 13 2022 16:35:05 GMT+0700 (Western Indonesia Time)

To https://github.com/ardiankurniawan8/koperasi.github.io.git
   12480cb..0cd461e  main -> main


